<?xml version="1.0" encoding="UTF-8"?>
<!-- Generated by org.testng.reporters.JUnitReportReporter -->
<testsuite hostname="DESKTOP-J7791LE" failures="0" tests="5" name="TestNG.CheckboxusingTestNG" time="10.618" errors="0" timestamp="2022-05-30T14:48:53 IST" skipped="0">
  <testcase classname="TestNG.CheckboxusingTestNG" name="languages" time="1.126"/>
  <system-out/>
  <testcase classname="TestNG.CheckboxusingTestNG" name="confirm" time="2.049"/>
  <system-out/>
  <testcase classname="TestNG.CheckboxusingTestNG" name="deselect" time="0.050"/>
  <system-out/>
  <testcase classname="TestNG.CheckboxusingTestNG" name="selenium" time="1.040"/>
  <system-out/>
  <testcase classname="TestNG.CheckboxusingTestNG" name="alloptions" time="6.353"/>
  <system-out/>
</testsuite> <!-- TestNG.CheckboxusingTestNG -->
