<?xml version="1.0" encoding="UTF-8"?>
<!-- Generated by org.testng.reporters.JUnitReportReporter -->
<testsuite hostname="DESKTOP-J7791LE" failures="0" tests="5" name="TestNG.EditboxusingTestNG" time="6.438" errors="0" timestamp="2022-05-30T14:55:42 IST" skipped="0">
  <testcase classname="TestNG.EditboxusingTestNG" name="Email" time="2.167"/>
  <system-out/>
  <testcase classname="TestNG.EditboxusingTestNG" name="Append" time="2.114"/>
  <system-out/>
  <testcase classname="TestNG.EditboxusingTestNG" name="DefaultText" time="0.058"/>
  <system-out/>
  <testcase classname="TestNG.EditboxusingTestNG" name="clear" time="0.046"/>
  <system-out/>
  <testcase classname="TestNG.EditboxusingTestNG" name="confirmbox" time="2.053"/>
  <system-out/>
</testsuite> <!-- TestNG.EditboxusingTestNG -->
